

Microchip MPLAB XC8 Assembler V2.40 build 20220703182018 
                                                                                               Fri Nov 04 15:33:44 2022

Microchip MPLAB XC8 C Compiler v2.40 (Free license) build 20220703182018 Og1 
     1                           	processor	18F67K40
     2                           	fnconf	rparam,??,?,0
     3                           	pagewidth 120
     4                           	opt	flic
     5                           	psect	cinit,global,reloc=2,class=CODE,delta=1
     6                           	psect	cstackCOMRAM,global,class=COMRAM,space=1,delta=1,lowdata,noexec
     7                           	psect	text0,global,reloc=2,class=CODE,delta=1
     8                           	psect	text1,global,reloc=2,class=CODE,delta=1
     9                           	psect	text2,global,reloc=2,class=CODE,delta=1
    10                           	psect	text3,global,reloc=2,class=CODE,delta=1
    11                           	psect	text4,global,reloc=2,class=CODE,delta=1
    12                           	psect	text5,global,reloc=2,class=CODE,delta=1
    13                           	psect	text6,global,reloc=2,class=CODE,delta=1
    14                           	psect	text7,global,reloc=2,class=CODE,delta=1
    15                           	psect	intcode,global,reloc=2,class=CODE,delta=1
    16                           	psect	intsave_regs,global,class=BIGRAM,space=1,delta=1,noexec
    17                           	psect	rparam,global,class=COMRAM,space=1,delta=1,noexec
    18                           	psect	temp,global,ovrld,common,class=COMRAM,space=1,delta=1
    19                           	psect	idloc,global,abs,ovrld,class=IDLOC,space=5,delta=1,noexec
    20                           	psect	config,global,abs,ovrld,class=CONFIG,space=4,delta=1,noexec
    21   000000                     
    22                           ; Version 2.35
    23                           ; Generated 05/05/2021 GMT
    24                           ; 
    25                           ; Copyright © 2021, Microchip Technology Inc. and its subsidiaries ("Microchip")
    26                           ; All rights reserved.
    27                           ; 
    28                           ; This software is developed by Microchip Technology Inc. and its subsidiaries ("Microch
      +                          ip").
    29                           ; 
    30                           ; Redistribution and use in source and binary forms, with or without modification, are
    31                           ; permitted provided that the following conditions are met:
    32                           ; 
    33                           ;     1. Redistributions of source code must retain the above copyright notice, this lis
      +                          t of
    34                           ;        conditions and the following disclaimer.
    35                           ; 
    36                           ;     2. Redistributions in binary form must reproduce the above copyright notice, this 
      +                          list
    37                           ;        of conditions and the following disclaimer in the documentation and/or other
    38                           ;        materials provided with the distribution. Publication is not required when
    39                           ;        this file is used in an embedded application.
    40                           ; 
    41                           ;     3. Microchip's name may not be used to endorse or promote products derived from th
      +                          is
    42                           ;        software without specific prior written permission.
    43                           ; 
    44                           ; THIS SOFTWARE IS PROVIDED BY MICROCHIP "AS IS" AND ANY EXPRESS OR IMPLIED WARRANTIES,
    45                           ; INCLUDING, BUT NOT LIMITED TO, THE IMPLIED WARRANTIES OF MERCHANTABILITY AND FITNESS F
      +                          OR
    46                           ; PURPOSE ARE DISCLAIMED.  IN NO EVENT SHALL MICROCHIP BE LIABLE FOR ANY DIRECT, INDIREC
      +                          T,
    47                           ; INCIDENTAL, SPECIAL, EXEMPLARY, OR CONSEQUENTIAL DAMAGES (INCLUDING BUT NOT LIMITED TO
    48                           ; PROCUREMENT OF SUBSTITUTE GOODS OR SERVICES; LOSS OF USE, DATA OR PROFITS; OR BUSINESS
    49                           ; INTERRUPTION) HOWSOEVER CAUSED AND ON ANY THEORY OF LIABILITY, WHETHER IN CONTRACT, ST
      +                          RICT
    50                           ; LIABILITY, OR TORT (INCLUDING NEGLIGENCE OR OTHERWISE) ARISING IN ANY WAY OUT OF THE U
      +                          SE OF
    51                           ; THIS SOFTWARE, EVEN IF ADVISED OF THE POSSIBILITY OF SUCH DAMAGE.
    52                           ; 
    53                           ; 
    54                           ; Code-generator required, PIC18F67K40 Definitions
    55                           ; 
    56                           ; SFR Addresses
    57   000000                     _T0CON0bits	set	4053
    58   000000                     _T0CON1bits	set	4054
    59   000000                     _CM1CON1bits	set	3793
    60   000000                     _TRISHbits	set	3976
    61   000000                     _LATHbits	set	3968
    62   000000                     _PORTAbits	set	3977
    63   000000                     _PORTGbits	set	3983
    64   000000                     _IPR2bits	set	3617
    65   000000                     _PIE2bits	set	3627
    66   000000                     _DAC1CON0bits	set	3782
    67   000000                     _LATAbits	set	3961
    68   000000                     _LATGbits	set	3967
    69   000000                     _TRISAbits	set	3969
    70   000000                     _TRISGbits	set	3975
    71   000000                     _TRISBbits	set	3970
    72   000000                     _TRISFbits	set	3974
    73   000000                     _TMR0L	set	4051
    74   000000                     _TMR0H	set	4052
    75   000000                     _INTCONbits	set	4082
    76   000000                     _PORTBbits	set	3978
    77   000000                     _PORTFbits	set	3982
    78   000000                     _LATBbits	set	3962
    79   000000                     _LATFbits	set	3966
    80   000000                     _CM1CON0bits	set	3792
    81   000000                     _CM1NCHbits	set	3794
    82   000000                     _DAC1CON1bits	set	3783
    83   000000                     _CM1PCHbits	set	3795
    84   000000                     _PIR0bits	set	3635
    85   000000                     _PIR2bits	set	3637
    86   000000                     _PIE0bits	set	3625
    87                           
    88                           ; #config settings
    89                           
    90                           	psect	cinit
    91   000236                     __pcinit:
    92                           	callstack 0
    93   000236                     start_initialization:
    94                           	callstack 0
    95   000236                     __initialization:
    96                           	callstack 0
    97   000236                     end_of_initialization:
    98                           	callstack 0
    99   000236                     __end_of__initialization:
   100                           	callstack 0
   101   000236  900A               	bcf	int$flags,0,c	;clear compiler interrupt flag (level 1)
   102   000238  920A               	bcf	int$flags,1,c	;clear compiler interrupt flag (level 2)
   103   00023A  0100               	movlb	0
   104   00023C  EFC4  F000         	goto	_main	;jump to C main() function
   105                           
   106                           	psect	cstackCOMRAM
   107   000001                     __pcstackCOMRAM:
   108                           	callstack 0
   109   000001                     ??_HighISR:
   110                           
   111                           ; 1 bytes @ 0x0
   112   000001                     	ds	1
   113   000002                     ?_get16bitTMR0val:
   114                           	callstack 0
   115                           
   116                           ; 2 bytes @ 0x1
   117   000002                     	ds	2
   118   000004                     get16bitTMR0val@low_bits:
   119                           	callstack 0
   120                           
   121                           ; 2 bytes @ 0x3
   122   000004                     	ds	2
   123   000006                     get16bitTMR0val@high_bits:
   124                           	callstack 0
   125                           
   126                           ; 2 bytes @ 0x5
   127   000006                     	ds	2
   128   000008                     LEDarray_disp_bin@number:
   129                           	callstack 0
   130                           
   131                           ; 2 bytes @ 0x7
   132   000008                     	ds	2
   133   00000A                     
   134                           ; 1 bytes @ 0x9
   135 ;;
   136 ;;Main: autosize = 0, tempsize = 0, incstack = 0, save=0
   137 ;;
   138 ;; *************** function _main *****************
   139 ;; Defined at:
   140 ;;		line 17 in file "main.c"
   141 ;; Parameters:    Size  Location     Type
   142 ;;		None
   143 ;; Auto vars:     Size  Location     Type
   144 ;;		None
   145 ;; Return value:  Size  Location     Type
   146 ;;                  1    wreg      void 
   147 ;; Registers used:
   148 ;;		wreg, status,2, status,0, cstack
   149 ;; Tracked objects:
   150 ;;		On entry : 0/0
   151 ;;		On exit  : 0/0
   152 ;;		Unchanged: 0/0
   153 ;; Data sizes:     COMRAM   BANK0   BANK1   BANK2   BANK3   BANK4   BANK5   BANK6   BANK7   BANK8   BANK9  BANK10  BANK1
      +1  BANK12  BANK13
   154 ;;      Params:         0       0       0       0       0       0       0       0       0       0       0       0       
      +0       0       0
   155 ;;      Locals:         0       0       0       0       0       0       0       0       0       0       0       0       
      +0       0       0
   156 ;;      Temps:          0       0       0       0       0       0       0       0       0       0       0       0       
      +0       0       0
   157 ;;      Totals:         0       0       0       0       0       0       0       0       0       0       0       0       
      +0       0       0
   158 ;;Total ram usage:        0 bytes
   159 ;; Hardware stack levels required when called: 3
   160 ;; This function calls:
   161 ;;		_Comp1_init
   162 ;;		_Interrupts_init
   163 ;;		_LEDarray_disp_bin
   164 ;;		_LEDarray_init
   165 ;;		_Timer0_init
   166 ;;		_get16bitTMR0val
   167 ;; This function is called by:
   168 ;;		Startup code after reset
   169 ;; This function uses a non-reentrant model
   170 ;;
   171                           
   172                           	psect	text0
   173   000188                     __ptext0:
   174                           	callstack 0
   175   000188                     _main:
   176                           	callstack 28
   177   000188                     
   178                           ;main.c: 19:     LATHbits.LATH3=0;
   179   000188  9680               	bcf	128,3,c	;volatile
   180                           
   181                           ;main.c: 20:     TRISHbits.TRISH3=0;
   182   00018A  9688               	bcf	136,3,c	;volatile
   183                           
   184                           ;main.c: 22:     LATHbits.LATH3 = 1;
   185   00018C  8680               	bsf	128,3,c	;volatile
   186   00018E                     
   187                           ;main.c: 23:     Comp1_init();
   188   00018E  ECDA  F000         	call	_Comp1_init	;wreg free
   189   000192                     
   190                           ;main.c: 24:     Interrupts_init();
   191   000192  EC13  F001         	call	_Interrupts_init	;wreg free
   192   000196                     
   193                           ;main.c: 25:     Timer0_init();
   194   000196  ECEC  F000         	call	_Timer0_init	;wreg free
   195                           
   196                           ;main.c: 26:     LEDarray_init();
   197   00019A  ECA8  F000         	call	_LEDarray_init	;wreg free
   198   00019E                     l1008:
   199                           
   200                           ;main.c: 30:         LEDarray_disp_bin(get16bitTMR0val()>>8);
   201   00019E  ECFC  F000         	call	_get16bitTMR0val	;wreg free
   202   0001A2  5003               	movf	(?_get16bitTMR0val+1)^0,w,c
   203   0001A4  6E08               	movwf	LEDarray_disp_bin@number^0,c
   204   0001A6  6A09               	clrf	(LEDarray_disp_bin@number+1)^0,c
   205   0001A8  EC44  F000         	call	_LEDarray_disp_bin	;wreg free
   206   0001AC  EFCF  F000         	goto	l1008
   207   0001B0  EF42  F000         	goto	start
   208   0001B4                     __end_of_main:
   209                           	callstack 0
   210                           
   211 ;; *************** function _get16bitTMR0val *****************
   212 ;; Defined at:
   213 ;;		line 24 in file "timers.c"
   214 ;; Parameters:    Size  Location     Type
   215 ;;		None
   216 ;; Auto vars:     Size  Location     Type
   217 ;;  high_bits       2    5[COMRAM] unsigned int 
   218 ;;  low_bits        2    3[COMRAM] unsigned int 
   219 ;; Return value:  Size  Location     Type
   220 ;;                  2    1[COMRAM] unsigned int 
   221 ;; Registers used:
   222 ;;		wreg, status,2, status,0
   223 ;; Tracked objects:
   224 ;;		On entry : 0/0
   225 ;;		On exit  : 0/0
   226 ;;		Unchanged: 0/0
   227 ;; Data sizes:     COMRAM   BANK0   BANK1   BANK2   BANK3   BANK4   BANK5   BANK6   BANK7   BANK8   BANK9  BANK10  BANK1
      +1  BANK12  BANK13
   228 ;;      Params:         2       0       0       0       0       0       0       0       0       0       0       0       
      +0       0       0
   229 ;;      Locals:         4       0       0       0       0       0       0       0       0       0       0       0       
      +0       0       0
   230 ;;      Temps:          0       0       0       0       0       0       0       0       0       0       0       0       
      +0       0       0
   231 ;;      Totals:         6       0       0       0       0       0       0       0       0       0       0       0       
      +0       0       0
   232 ;;Total ram usage:        6 bytes
   233 ;; Hardware stack levels used: 1
   234 ;; Hardware stack levels required when called: 1
   235 ;; This function calls:
   236 ;;		Nothing
   237 ;; This function is called by:
   238 ;;		_main
   239 ;; This function uses a non-reentrant model
   240 ;;
   241                           
   242                           	psect	text1
   243   0001F8                     __ptext1:
   244                           	callstack 0
   245   0001F8                     _get16bitTMR0val:
   246                           	callstack 29
   247   0001F8                     
   248                           ;timers.c: 26:     unsigned int low_bits = TMR0L;
   249   0001F8  CFD3 F004          	movff	4051,get16bitTMR0val@low_bits	;volatile
   250   0001FC  6A05               	clrf	(get16bitTMR0val@low_bits+1)^0,c
   251   0001FE                     
   252                           ;timers.c: 27:     unsigned int high_bits = TMR0H<<8;
   253   0001FE  50D4               	movf	212,w,c	;volatile
   254   000200  6E07               	movwf	(get16bitTMR0val@high_bits+1)^0,c
   255   000202  6A06               	clrf	get16bitTMR0val@high_bits^0,c
   256   000204                     
   257                           ;timers.c: 29:     return(low_bits|high_bits);
   258   000204  5006               	movf	get16bitTMR0val@high_bits^0,w,c
   259   000206  1004               	iorwf	get16bitTMR0val@low_bits^0,w,c
   260   000208  6E02               	movwf	?_get16bitTMR0val^0,c
   261   00020A  5007               	movf	(get16bitTMR0val@high_bits+1)^0,w,c
   262   00020C  1005               	iorwf	(get16bitTMR0val@low_bits+1)^0,w,c
   263   00020E  6E03               	movwf	(?_get16bitTMR0val+1)^0,c
   264   000210  0012               	return		;funcret
   265   000212                     __end_of_get16bitTMR0val:
   266                           	callstack 0
   267                           
   268 ;; *************** function _Timer0_init *****************
   269 ;; Defined at:
   270 ;;		line 7 in file "timers.c"
   271 ;; Parameters:    Size  Location     Type
   272 ;;		None
   273 ;; Auto vars:     Size  Location     Type
   274 ;;		None
   275 ;; Return value:  Size  Location     Type
   276 ;;                  1    wreg      void 
   277 ;; Registers used:
   278 ;;		wreg, status,2
   279 ;; Tracked objects:
   280 ;;		On entry : 0/0
   281 ;;		On exit  : 0/0
   282 ;;		Unchanged: 0/0
   283 ;; Data sizes:     COMRAM   BANK0   BANK1   BANK2   BANK3   BANK4   BANK5   BANK6   BANK7   BANK8   BANK9  BANK10  BANK1
      +1  BANK12  BANK13
   284 ;;      Params:         0       0       0       0       0       0       0       0       0       0       0       0       
      +0       0       0
   285 ;;      Locals:         0       0       0       0       0       0       0       0       0       0       0       0       
      +0       0       0
   286 ;;      Temps:          0       0       0       0       0       0       0       0       0       0       0       0       
      +0       0       0
   287 ;;      Totals:         0       0       0       0       0       0       0       0       0       0       0       0       
      +0       0       0
   288 ;;Total ram usage:        0 bytes
   289 ;; Hardware stack levels used: 1
   290 ;; Hardware stack levels required when called: 1
   291 ;; This function calls:
   292 ;;		Nothing
   293 ;; This function is called by:
   294 ;;		_main
   295 ;; This function uses a non-reentrant model
   296 ;;
   297                           
   298                           	psect	text2
   299   0001D8                     __ptext2:
   300                           	callstack 0
   301   0001D8                     _Timer0_init:
   302                           	callstack 29
   303   0001D8                     
   304                           ;timers.c: 9:     T0CON1bits.T0CS=0b010;
   305   0001D8  50D6               	movf	214,w,c	;volatile
   306   0001DA  0B1F               	andlw	-225
   307   0001DC  0940               	iorlw	64
   308   0001DE  6ED6               	movwf	214,c	;volatile
   309   0001E0                     
   310                           ;timers.c: 10:     T0CON1bits.T0ASYNC=1;
   311   0001E0  88D6               	bsf	214,4,c	;volatile
   312                           
   313                           ;timers.c: 11:     T0CON1bits.T0CKPS=8;
   314   0001E2  50D6               	movf	214,w,c	;volatile
   315   0001E4  0BF0               	andlw	-16
   316   0001E6  0908               	iorlw	8
   317   0001E8  6ED6               	movwf	214,c	;volatile
   318   0001EA                     
   319                           ;timers.c: 12:     T0CON0bits.T016BIT=1;
   320   0001EA  88D5               	bsf	213,4,c	;volatile
   321                           
   322                           ;timers.c: 15:     TMR0H = 0b1011;
   323   0001EC  0E0B               	movlw	11
   324   0001EE  6ED4               	movwf	212,c	;volatile
   325                           
   326                           ;timers.c: 16:     TMR0L = 0b11011100;
   327   0001F0  0EDC               	movlw	220
   328   0001F2  6ED3               	movwf	211,c	;volatile
   329   0001F4                     
   330                           ;timers.c: 17:     T0CON0bits.T0EN=1;
   331   0001F4  8ED5               	bsf	213,7,c	;volatile
   332   0001F6  0012               	return		;funcret
   333   0001F8                     __end_of_Timer0_init:
   334                           	callstack 0
   335                           
   336 ;; *************** function _LEDarray_init *****************
   337 ;; Defined at:
   338 ;;		line 8 in file "LEDarray.c"
   339 ;; Parameters:    Size  Location     Type
   340 ;;		None
   341 ;; Auto vars:     Size  Location     Type
   342 ;;		None
   343 ;; Return value:  Size  Location     Type
   344 ;;                  1    wreg      void 
   345 ;; Registers used:
   346 ;;		None
   347 ;; Tracked objects:
   348 ;;		On entry : 0/0
   349 ;;		On exit  : 0/0
   350 ;;		Unchanged: 0/0
   351 ;; Data sizes:     COMRAM   BANK0   BANK1   BANK2   BANK3   BANK4   BANK5   BANK6   BANK7   BANK8   BANK9  BANK10  BANK1
      +1  BANK12  BANK13
   352 ;;      Params:         0       0       0       0       0       0       0       0       0       0       0       0       
      +0       0       0
   353 ;;      Locals:         0       0       0       0       0       0       0       0       0       0       0       0       
      +0       0       0
   354 ;;      Temps:          0       0       0       0       0       0       0       0       0       0       0       0       
      +0       0       0
   355 ;;      Totals:         0       0       0       0       0       0       0       0       0       0       0       0       
      +0       0       0
   356 ;;Total ram usage:        0 bytes
   357 ;; Hardware stack levels used: 1
   358 ;; Hardware stack levels required when called: 1
   359 ;; This function calls:
   360 ;;		Nothing
   361 ;; This function is called by:
   362 ;;		_main
   363 ;; This function uses a non-reentrant model
   364 ;;
   365                           
   366                           	psect	text3
   367   000150                     __ptext3:
   368                           	callstack 0
   369   000150                     _LEDarray_init:
   370                           	callstack 29
   371   000150                     
   372                           ;LEDarray.c: 14:     TRISGbits.TRISG0 = 0;
   373   000150  9087               	bcf	135,0,c	;volatile
   374                           
   375                           ;LEDarray.c: 15:     TRISGbits.TRISG1 = 0;
   376   000152  9287               	bcf	135,1,c	;volatile
   377                           
   378                           ;LEDarray.c: 16:     TRISAbits.TRISA2 = 0;
   379   000154  9481               	bcf	129,2,c	;volatile
   380                           
   381                           ;LEDarray.c: 17:     TRISFbits.TRISF6 = 0;
   382   000156  9C86               	bcf	134,6,c	;volatile
   383                           
   384                           ;LEDarray.c: 18:     TRISAbits.TRISA4 = 0;
   385   000158  9881               	bcf	129,4,c	;volatile
   386                           
   387                           ;LEDarray.c: 19:     TRISAbits.TRISA5 = 0;
   388   00015A  9A81               	bcf	129,5,c	;volatile
   389                           
   390                           ;LEDarray.c: 20:     TRISFbits.TRISF0 = 0;
   391   00015C  9086               	bcf	134,0,c	;volatile
   392                           
   393                           ;LEDarray.c: 21:     TRISBbits.TRISB0 = 0;
   394   00015E  9082               	bcf	130,0,c	;volatile
   395                           
   396                           ;LEDarray.c: 22:     TRISBbits.TRISB1 = 0;
   397   000160  9282               	bcf	130,1,c	;volatile
   398                           
   399                           ;LEDarray.c: 24:     PORTGbits.RG0 = 1;
   400   000162  808F               	bsf	143,0,c	;volatile
   401                           
   402                           ;LEDarray.c: 25:     PORTGbits.RG1 = 1;
   403   000164  828F               	bsf	143,1,c	;volatile
   404                           
   405                           ;LEDarray.c: 26:     PORTAbits.RA2 = 1;
   406   000166  8489               	bsf	137,2,c	;volatile
   407                           
   408                           ;LEDarray.c: 27:     PORTFbits.RF6 = 1;
   409   000168  8C8E               	bsf	142,6,c	;volatile
   410                           
   411                           ;LEDarray.c: 28:     PORTAbits.RA4 = 1;
   412   00016A  8889               	bsf	137,4,c	;volatile
   413                           
   414                           ;LEDarray.c: 29:     PORTAbits.RA5 = 1;
   415   00016C  8A89               	bsf	137,5,c	;volatile
   416                           
   417                           ;LEDarray.c: 30:     PORTFbits.RF0 = 1;
   418   00016E  808E               	bsf	142,0,c	;volatile
   419                           
   420                           ;LEDarray.c: 31:     PORTBbits.RB0 = 1;
   421   000170  808A               	bsf	138,0,c	;volatile
   422                           
   423                           ;LEDarray.c: 32:     PORTBbits.RB1 = 1;
   424   000172  828A               	bsf	138,1,c	;volatile
   425                           
   426                           ;LEDarray.c: 34:     LATGbits.LATG0 = 0;
   427   000174  907F               	bcf	127,0,c	;volatile
   428                           
   429                           ;LEDarray.c: 35:     LATGbits.LATG1 = 0;
   430   000176  927F               	bcf	127,1,c	;volatile
   431                           
   432                           ;LEDarray.c: 36:     LATAbits.LATA2 = 0;
   433   000178  9479               	bcf	121,2,c	;volatile
   434                           
   435                           ;LEDarray.c: 37:     LATFbits.LATF6 = 0;
   436   00017A  9C7E               	bcf	126,6,c	;volatile
   437                           
   438                           ;LEDarray.c: 38:     LATAbits.LATA4 = 0;
   439   00017C  9879               	bcf	121,4,c	;volatile
   440                           
   441                           ;LEDarray.c: 39:     LATAbits.LATA5 = 0;
   442   00017E  9A79               	bcf	121,5,c	;volatile
   443                           
   444                           ;LEDarray.c: 40:     LATFbits.LATF0 = 0;
   445   000180  907E               	bcf	126,0,c	;volatile
   446                           
   447                           ;LEDarray.c: 41:     LATBbits.LATB0 = 0;
   448   000182  907A               	bcf	122,0,c	;volatile
   449                           
   450                           ;LEDarray.c: 42:     LATBbits.LATB1 = 0;
   451   000184  927A               	bcf	122,1,c	;volatile
   452   000186  0012               	return		;funcret
   453   000188                     __end_of_LEDarray_init:
   454                           	callstack 0
   455                           
   456 ;; *************** function _LEDarray_disp_bin *****************
   457 ;; Defined at:
   458 ;;		line 49 in file "LEDarray.c"
   459 ;; Parameters:    Size  Location     Type
   460 ;;  number          2    7[COMRAM] unsigned int 
   461 ;; Auto vars:     Size  Location     Type
   462 ;;		None
   463 ;; Return value:  Size  Location     Type
   464 ;;                  1    wreg      void 
   465 ;; Registers used:
   466 ;;		None
   467 ;; Tracked objects:
   468 ;;		On entry : 0/0
   469 ;;		On exit  : 0/0
   470 ;;		Unchanged: 0/0
   471 ;; Data sizes:     COMRAM   BANK0   BANK1   BANK2   BANK3   BANK4   BANK5   BANK6   BANK7   BANK8   BANK9  BANK10  BANK1
      +1  BANK12  BANK13
   472 ;;      Params:         2       0       0       0       0       0       0       0       0       0       0       0       
      +0       0       0
   473 ;;      Locals:         0       0       0       0       0       0       0       0       0       0       0       0       
      +0       0       0
   474 ;;      Temps:          0       0       0       0       0       0       0       0       0       0       0       0       
      +0       0       0
   475 ;;      Totals:         2       0       0       0       0       0       0       0       0       0       0       0       
      +0       0       0
   476 ;;Total ram usage:        2 bytes
   477 ;; Hardware stack levels used: 1
   478 ;; Hardware stack levels required when called: 1
   479 ;; This function calls:
   480 ;;		Nothing
   481 ;; This function is called by:
   482 ;;		_main
   483 ;;		_LEDarray_disp_dec
   484 ;;		_LEDarray_disp_PPM
   485 ;; This function uses a non-reentrant model
   486 ;;
   487                           
   488                           	psect	text4
   489   000088                     __ptext4:
   490                           	callstack 0
   491   000088                     _LEDarray_disp_bin:
   492                           	callstack 29
   493   000088                     
   494                           ;LEDarray.c: 49: void LEDarray_disp_bin(unsigned int number);LEDarray.c: 50: {;LEDarray.
      +                          c: 54:     if(number & 0b000000001){LATGbits.LATG0 = 1;}else{LATGbits.LATG0 = 0;}
   495   000088  A008               	btfss	LEDarray_disp_bin@number^0,0,c
   496   00008A  EF49  F000         	goto	u211
   497   00008E  EF4B  F000         	goto	u210
   498   000092                     u211:
   499   000092  EF4E  F000         	goto	l30
   500   000096                     u210:
   501   000096  807F               	bsf	127,0,c	;volatile
   502   000098  EF4F  F000         	goto	l31
   503   00009C                     l30:
   504   00009C  907F               	bcf	127,0,c	;volatile
   505   00009E                     l31:
   506                           
   507                           ;LEDarray.c: 55:     if(number & 0b000000010){LATGbits.LATG1 = 1;}else{LATGbits.LATG1 = 
      +                          0;}
   508   00009E  A208               	btfss	LEDarray_disp_bin@number^0,1,c
   509   0000A0  EF54  F000         	goto	u221
   510   0000A4  EF56  F000         	goto	u220
   511   0000A8                     u221:
   512   0000A8  EF59  F000         	goto	l32
   513   0000AC                     u220:
   514   0000AC  827F               	bsf	127,1,c	;volatile
   515   0000AE  EF5A  F000         	goto	l33
   516   0000B2                     l32:
   517   0000B2  927F               	bcf	127,1,c	;volatile
   518   0000B4                     l33:
   519                           
   520                           ;LEDarray.c: 56:     if(number & 0b000000100){LATAbits.LATA2 = 1;}else{LATAbits.LATA2 = 
      +                          0;}
   521   0000B4  A408               	btfss	LEDarray_disp_bin@number^0,2,c
   522   0000B6  EF5F  F000         	goto	u231
   523   0000BA  EF61  F000         	goto	u230
   524   0000BE                     u231:
   525   0000BE  EF64  F000         	goto	l34
   526   0000C2                     u230:
   527   0000C2  8479               	bsf	121,2,c	;volatile
   528   0000C4  EF65  F000         	goto	l35
   529   0000C8                     l34:
   530   0000C8  9479               	bcf	121,2,c	;volatile
   531   0000CA                     l35:
   532                           
   533                           ;LEDarray.c: 57:     if(number & 0b000001000){LATFbits.LATF6 = 1;}else{LATFbits.LATF6 = 
      +                          0;}
   534   0000CA  A608               	btfss	LEDarray_disp_bin@number^0,3,c
   535   0000CC  EF6A  F000         	goto	u241
   536   0000D0  EF6C  F000         	goto	u240
   537   0000D4                     u241:
   538   0000D4  EF6F  F000         	goto	l36
   539   0000D8                     u240:
   540   0000D8  8C7E               	bsf	126,6,c	;volatile
   541   0000DA  EF70  F000         	goto	l37
   542   0000DE                     l36:
   543   0000DE  9C7E               	bcf	126,6,c	;volatile
   544   0000E0                     l37:
   545                           
   546                           ;LEDarray.c: 58:     if(number & 0b000010000){LATAbits.LATA4 = 1;}else{LATAbits.LATA4 = 
      +                          0;}
   547   0000E0  A808               	btfss	LEDarray_disp_bin@number^0,4,c
   548   0000E2  EF75  F000         	goto	u251
   549   0000E6  EF77  F000         	goto	u250
   550   0000EA                     u251:
   551   0000EA  EF7A  F000         	goto	l38
   552   0000EE                     u250:
   553   0000EE  8879               	bsf	121,4,c	;volatile
   554   0000F0  EF7B  F000         	goto	l39
   555   0000F4                     l38:
   556   0000F4  9879               	bcf	121,4,c	;volatile
   557   0000F6                     l39:
   558                           
   559                           ;LEDarray.c: 59:     if(number & 0b000100000){LATAbits.LATA5 = 1;}else{LATAbits.LATA5 = 
      +                          0;}
   560   0000F6  AA08               	btfss	LEDarray_disp_bin@number^0,5,c
   561   0000F8  EF80  F000         	goto	u261
   562   0000FC  EF82  F000         	goto	u260
   563   000100                     u261:
   564   000100  EF85  F000         	goto	l40
   565   000104                     u260:
   566   000104  8A79               	bsf	121,5,c	;volatile
   567   000106  EF86  F000         	goto	l41
   568   00010A                     l40:
   569   00010A  9A79               	bcf	121,5,c	;volatile
   570   00010C                     l41:
   571                           
   572                           ;LEDarray.c: 60:     if(number & 0b001000000){LATFbits.LATF0 = 1;}else{LATFbits.LATF0 = 
      +                          0;}
   573   00010C  AC08               	btfss	LEDarray_disp_bin@number^0,6,c
   574   00010E  EF8B  F000         	goto	u271
   575   000112  EF8D  F000         	goto	u270
   576   000116                     u271:
   577   000116  EF90  F000         	goto	l42
   578   00011A                     u270:
   579   00011A  807E               	bsf	126,0,c	;volatile
   580   00011C  EF91  F000         	goto	l43
   581   000120                     l42:
   582   000120  907E               	bcf	126,0,c	;volatile
   583   000122                     l43:
   584                           
   585                           ;LEDarray.c: 61:     if(number & 0b010000000){LATBbits.LATB0 = 1;}else{LATBbits.LATB0 = 
      +                          0;}
   586   000122  AE08               	btfss	LEDarray_disp_bin@number^0,7,c
   587   000124  EF96  F000         	goto	u281
   588   000128  EF98  F000         	goto	u280
   589   00012C                     u281:
   590   00012C  EF9B  F000         	goto	l44
   591   000130                     u280:
   592   000130  807A               	bsf	122,0,c	;volatile
   593   000132  EF9C  F000         	goto	l45
   594   000136                     l44:
   595   000136  907A               	bcf	122,0,c	;volatile
   596   000138                     l45:
   597                           
   598                           ;LEDarray.c: 62:     if(number & 0b100000000){LATBbits.LATB1 = 1;}else{LATBbits.LATB1 = 
      +                          0;}
   599   000138  A009               	btfss	(LEDarray_disp_bin@number+1)^0,0,c
   600   00013A  EFA1  F000         	goto	u291
   601   00013E  EFA3  F000         	goto	u290
   602   000142                     u291:
   603   000142  EFA6  F000         	goto	l46
   604   000146                     u290:
   605   000146  827A               	bsf	122,1,c	;volatile
   606   000148  EFA7  F000         	goto	l48
   607   00014C                     l46:
   608   00014C  927A               	bcf	122,1,c	;volatile
   609   00014E                     l48:
   610   00014E  0012               	return		;funcret
   611   000150                     __end_of_LEDarray_disp_bin:
   612                           	callstack 0
   613                           
   614 ;; *************** function _Interrupts_init *****************
   615 ;; Defined at:
   616 ;;		line 8 in file "interrupts.c"
   617 ;; Parameters:    Size  Location     Type
   618 ;;		None
   619 ;; Auto vars:     Size  Location     Type
   620 ;;		None
   621 ;; Return value:  Size  Location     Type
   622 ;;                  1    wreg      void 
   623 ;; Registers used:
   624 ;;		None
   625 ;; Tracked objects:
   626 ;;		On entry : 0/0
   627 ;;		On exit  : 0/0
   628 ;;		Unchanged: 0/0
   629 ;; Data sizes:     COMRAM   BANK0   BANK1   BANK2   BANK3   BANK4   BANK5   BANK6   BANK7   BANK8   BANK9  BANK10  BANK1
      +1  BANK12  BANK13
   630 ;;      Params:         0       0       0       0       0       0       0       0       0       0       0       0       
      +0       0       0
   631 ;;      Locals:         0       0       0       0       0       0       0       0       0       0       0       0       
      +0       0       0
   632 ;;      Temps:          0       0       0       0       0       0       0       0       0       0       0       0       
      +0       0       0
   633 ;;      Totals:         0       0       0       0       0       0       0       0       0       0       0       0       
      +0       0       0
   634 ;;Total ram usage:        0 bytes
   635 ;; Hardware stack levels used: 1
   636 ;; Hardware stack levels required when called: 1
   637 ;; This function calls:
   638 ;;		Nothing
   639 ;; This function is called by:
   640 ;;		_main
   641 ;; This function uses a non-reentrant model
   642 ;;
   643                           
   644                           	psect	text5
   645   000226                     __ptext5:
   646                           	callstack 0
   647   000226                     _Interrupts_init:
   648                           	callstack 29
   649   000226                     
   650                           ;interrupts.c: 12:     PIE2bits.C1IE = 1;
   651   000226  010E               	movlb	14	; () banked
   652   000228  812B               	bsf	43,0,b	;volatile
   653                           
   654                           ;interrupts.c: 13:     INTCONbits.IPEN = 1;
   655   00022A  8AF2               	bsf	242,5,c	;volatile
   656                           
   657                           ;interrupts.c: 14:     INTCONbits.GIEL=1;
   658   00022C  8CF2               	bsf	242,6,c	;volatile
   659                           
   660                           ;interrupts.c: 15:     IPR2bits.C1IP=1;
   661   00022E  8121               	bsf	33,0,b	;volatile
   662                           
   663                           ;interrupts.c: 16:     PIE0bits.TMR0IE=1;
   664   000230  8B29               	bsf	41,5,b	;volatile
   665                           
   666                           ;interrupts.c: 17:     INTCONbits.GIEH=1;
   667   000232  8EF2               	bsf	242,7,c	;volatile
   668   000234                     
   669                           ; BSR set to: 14
   670   000234  0012               	return		;funcret
   671   000236                     __end_of_Interrupts_init:
   672                           	callstack 0
   673                           
   674 ;; *************** function _Comp1_init *****************
   675 ;; Defined at:
   676 ;;		line 22 in file "comparator.c"
   677 ;; Parameters:    Size  Location     Type
   678 ;;		None
   679 ;; Auto vars:     Size  Location     Type
   680 ;;		None
   681 ;; Return value:  Size  Location     Type
   682 ;;                  1    wreg      void 
   683 ;; Registers used:
   684 ;;		wreg, status,2, cstack
   685 ;; Tracked objects:
   686 ;;		On entry : 0/0
   687 ;;		On exit  : 0/0
   688 ;;		Unchanged: 0/0
   689 ;; Data sizes:     COMRAM   BANK0   BANK1   BANK2   BANK3   BANK4   BANK5   BANK6   BANK7   BANK8   BANK9  BANK10  BANK1
      +1  BANK12  BANK13
   690 ;;      Params:         0       0       0       0       0       0       0       0       0       0       0       0       
      +0       0       0
   691 ;;      Locals:         0       0       0       0       0       0       0       0       0       0       0       0       
      +0       0       0
   692 ;;      Temps:          0       0       0       0       0       0       0       0       0       0       0       0       
      +0       0       0
   693 ;;      Totals:         0       0       0       0       0       0       0       0       0       0       0       0       
      +0       0       0
   694 ;;Total ram usage:        0 bytes
   695 ;; Hardware stack levels used: 1
   696 ;; Hardware stack levels required when called: 2
   697 ;; This function calls:
   698 ;;		_DAC_init
   699 ;; This function is called by:
   700 ;;		_main
   701 ;; This function uses a non-reentrant model
   702 ;;
   703                           
   704                           	psect	text6
   705   0001B4                     __ptext6:
   706                           	callstack 0
   707   0001B4                     _Comp1_init:
   708                           	callstack 28
   709   0001B4                     
   710                           ;comparator.c: 24:     TRISFbits.TRISF7=1;
   711   0001B4  8E86               	bsf	134,7,c	;volatile
   712   0001B6                     
   713                           ;comparator.c: 25:     CM1NCHbits.NCH=0b011;
   714   0001B6  010E               	movlb	14	; () banked
   715   0001B8  51D2               	movf	210,w,b	;volatile
   716   0001BA  0BF8               	andlw	-8
   717   0001BC  0903               	iorlw	3
   718   0001BE  6FD2               	movwf	210,b	;volatile
   719                           
   720                           ;comparator.c: 26:     CM1PCHbits.PCH=0b101;
   721   0001C0  51D3               	movf	211,w,b	;volatile
   722   0001C2  0BF8               	andlw	-8
   723   0001C4  0905               	iorlw	5
   724   0001C6  6FD3               	movwf	211,b	;volatile
   725   0001C8                     
   726                           ; BSR set to: 14
   727                           ;comparator.c: 27:     CM1CON0bits.HYS=1;
   728   0001C8  83D0               	bsf	208,1,b	;volatile
   729   0001CA                     
   730                           ; BSR set to: 14
   731                           ;comparator.c: 28:     CM1CON0bits.POL=1;
   732   0001CA  89D0               	bsf	208,4,b	;volatile
   733   0001CC                     
   734                           ; BSR set to: 14
   735                           ;comparator.c: 29:     CM1CON1bits.INTP=1;
   736   0001CC  83D1               	bsf	209,1,b	;volatile
   737   0001CE                     
   738                           ; BSR set to: 14
   739                           ;comparator.c: 30:     DAC_init();
   740   0001CE  EC09  F001         	call	_DAC_init	;wreg free
   741   0001D2                     
   742                           ;comparator.c: 31:     CM1CON0bits.EN=1;
   743   0001D2  010E               	movlb	14	; () banked
   744   0001D4  8FD0               	bsf	208,7,b	;volatile
   745   0001D6                     
   746                           ; BSR set to: 14
   747   0001D6  0012               	return		;funcret
   748   0001D8                     __end_of_Comp1_init:
   749                           	callstack 0
   750                           
   751 ;; *************** function _DAC_init *****************
   752 ;; Defined at:
   753 ;;		line 7 in file "comparator.c"
   754 ;; Parameters:    Size  Location     Type
   755 ;;		None
   756 ;; Auto vars:     Size  Location     Type
   757 ;;		None
   758 ;; Return value:  Size  Location     Type
   759 ;;                  1    wreg      void 
   760 ;; Registers used:
   761 ;;		wreg, status,2
   762 ;; Tracked objects:
   763 ;;		On entry : 0/0
   764 ;;		On exit  : 0/0
   765 ;;		Unchanged: 0/0
   766 ;; Data sizes:     COMRAM   BANK0   BANK1   BANK2   BANK3   BANK4   BANK5   BANK6   BANK7   BANK8   BANK9  BANK10  BANK1
      +1  BANK12  BANK13
   767 ;;      Params:         0       0       0       0       0       0       0       0       0       0       0       0       
      +0       0       0
   768 ;;      Locals:         0       0       0       0       0       0       0       0       0       0       0       0       
      +0       0       0
   769 ;;      Temps:          0       0       0       0       0       0       0       0       0       0       0       0       
      +0       0       0
   770 ;;      Totals:         0       0       0       0       0       0       0       0       0       0       0       0       
      +0       0       0
   771 ;;Total ram usage:        0 bytes
   772 ;; Hardware stack levels used: 1
   773 ;; Hardware stack levels required when called: 1
   774 ;; This function calls:
   775 ;;		Nothing
   776 ;; This function is called by:
   777 ;;		_Comp1_init
   778 ;; This function uses a non-reentrant model
   779 ;;
   780                           
   781                           	psect	text7
   782   000212                     __ptext7:
   783                           	callstack 0
   784   000212                     _DAC_init:
   785                           	callstack 28
   786   000212                     
   787                           ;comparator.c: 9:     DAC1CON0bits.PSS=0b00;
   788   000212  0EF3               	movlw	-13
   789   000214  010E               	movlb	14	; () banked
   790   000216  17C6               	andwf	198,f,b	;volatile
   791   000218                     
   792                           ; BSR set to: 14
   793                           ;comparator.c: 10:     DAC1CON0bits.NSS=0b0;
   794   000218  91C6               	bcf	198,0,b	;volatile
   795                           
   796                           ;comparator.c: 14:     DAC1CON1bits.DAC1R=0b10011;
   797   00021A  51C7               	movf	199,w,b	;volatile
   798   00021C  0BE0               	andlw	-32
   799   00021E  0913               	iorlw	19
   800   000220  6FC7               	movwf	199,b	;volatile
   801   000222                     
   802                           ; BSR set to: 14
   803                           ;comparator.c: 15:     DAC1CON0bits.DAC1EN=1;
   804   000222  8FC6               	bsf	198,7,b	;volatile
   805   000224                     
   806                           ; BSR set to: 14
   807   000224  0012               	return		;funcret
   808   000226                     __end_of_DAC_init:
   809                           	callstack 0
   810                           
   811 ;; *************** function _HighISR *****************
   812 ;; Defined at:
   813 ;;		line 24 in file "interrupts.c"
   814 ;; Parameters:    Size  Location     Type
   815 ;;		None
   816 ;; Auto vars:     Size  Location     Type
   817 ;;		None
   818 ;; Return value:  Size  Location     Type
   819 ;;                  1    wreg      void 
   820 ;; Registers used:
   821 ;;		wreg, status,2, status,0
   822 ;; Tracked objects:
   823 ;;		On entry : 0/0
   824 ;;		On exit  : 0/0
   825 ;;		Unchanged: 0/0
   826 ;; Data sizes:     COMRAM   BANK0   BANK1   BANK2   BANK3   BANK4   BANK5   BANK6   BANK7   BANK8   BANK9  BANK10  BANK1
      +1  BANK12  BANK13
   827 ;;      Params:         0       0       0       0       0       0       0       0       0       0       0       0       
      +0       0       0
   828 ;;      Locals:         0       0       0       0       0       0       0       0       0       0       0       0       
      +0       0       0
   829 ;;      Temps:          1       0       0       0       0       0       0       0       0       0       0       0       
      +0       0       0
   830 ;;      Totals:         1       0       0       0       0       0       0       0       0       0       0       0       
      +0       0       0
   831 ;;Total ram usage:        1 bytes
   832 ;; Hardware stack levels used: 1
   833 ;; This function calls:
   834 ;;		Nothing
   835 ;; This function is called by:
   836 ;;		Interrupt level 2
   837 ;; This function uses a non-reentrant model
   838 ;;
   839                           
   840                           	psect	intcode
   841   000008                     __pintcode:
   842                           	callstack 0
   843   000008                     _HighISR:
   844                           	callstack 28
   845                           
   846                           ; BSR set to: 14
   847                           ;incstack = 0
   848   000008  820A               	bsf	int$flags,1,c	;set compiler interrupt flag (level 2)
   849   00000A                     
   850                           ;interrupts.c: 26:  if(PIR2bits.C1IF){
   851   00000A  010E               	movlb	14	; () banked
   852   00000C  A135               	btfss	53,0,b	;volatile
   853   00000E  EF0B  F000         	goto	i2u15_41
   854   000012  EF0D  F000         	goto	i2u15_40
   855   000016                     i2u15_41:
   856   000016  EF21  F000         	goto	i2l930
   857   00001A                     i2u15_40:
   858   00001A                     
   859                           ; BSR set to: 14
   860                           ;interrupts.c: 27:         LATHbits.LATH3 = !LATHbits.LATH3;
   861   00001A  A680               	btfss	128,3,c	;volatile
   862   00001C  EF12  F000         	goto	i2u16_41
   863   000020  EF16  F000         	goto	i2u16_40
   864   000024                     i2u16_41:
   865   000024  6A01               	clrf	??_HighISR^0,c
   866   000026  2A01               	incf	??_HighISR^0,f,c
   867   000028  EF17  F000         	goto	i2u17_48
   868   00002C                     i2u16_40:
   869   00002C  6A01               	clrf	??_HighISR^0,c
   870   00002E                     i2u17_48:
   871   00002E  4601               	rlncf	??_HighISR^0,f,c
   872   000030  4601               	rlncf	??_HighISR^0,f,c
   873   000032  4601               	rlncf	??_HighISR^0,f,c
   874   000034  5080               	movf	128,w,c	;volatile
   875   000036  1801               	xorwf	??_HighISR^0,w,c
   876   000038  0BF7               	andlw	-9
   877   00003A  1801               	xorwf	??_HighISR^0,w,c
   878   00003C  6E80               	movwf	128,c	;volatile
   879   00003E                     
   880                           ;interrupts.c: 28:         PIR2bits.C1IF=0;
   881   00003E  010E               	movlb	14	; () banked
   882   000040  9135               	bcf	53,0,b	;volatile
   883   000042                     i2l930:
   884                           
   885                           ; BSR set to: 14
   886                           ;interrupts.c: 30:     if(PIR0bits.TMR0IF){
   887   000042  AB33               	btfss	51,5,b	;volatile
   888   000044  EF26  F000         	goto	i2u18_41
   889   000048  EF28  F000         	goto	i2u18_40
   890   00004C                     i2u18_41:
   891   00004C  EF40  F000         	goto	i2l132
   892   000050                     i2u18_40:
   893   000050                     
   894                           ; BSR set to: 14
   895                           ;interrupts.c: 31:         LATHbits.LATH3 = !LATHbits.LATH3;
   896   000050  A680               	btfss	128,3,c	;volatile
   897   000052  EF2D  F000         	goto	i2u19_41
   898   000056  EF31  F000         	goto	i2u19_40
   899   00005A                     i2u19_41:
   900   00005A  6A01               	clrf	??_HighISR^0,c
   901   00005C  2A01               	incf	??_HighISR^0,f,c
   902   00005E  EF32  F000         	goto	i2u20_48
   903   000062                     i2u19_40:
   904   000062  6A01               	clrf	??_HighISR^0,c
   905   000064                     i2u20_48:
   906   000064  4601               	rlncf	??_HighISR^0,f,c
   907   000066  4601               	rlncf	??_HighISR^0,f,c
   908   000068  4601               	rlncf	??_HighISR^0,f,c
   909   00006A  5080               	movf	128,w,c	;volatile
   910   00006C  1801               	xorwf	??_HighISR^0,w,c
   911   00006E  0BF7               	andlw	-9
   912   000070  1801               	xorwf	??_HighISR^0,w,c
   913   000072  6E80               	movwf	128,c	;volatile
   914   000074                     
   915                           ;interrupts.c: 32:         PIR0bits.TMR0IF = 0;
   916   000074  010E               	movlb	14	; () banked
   917   000076  9B33               	bcf	51,5,b	;volatile
   918   000078                     
   919                           ; BSR set to: 14
   920                           ;interrupts.c: 34:         TMR0H = 0b1011;
   921   000078  0E0B               	movlw	11
   922   00007A  6ED4               	movwf	212,c	;volatile
   923   00007C                     
   924                           ; BSR set to: 14
   925                           ;interrupts.c: 35:         TMR0L = 0b11011100;
   926   00007C  0EDC               	movlw	220
   927   00007E  6ED3               	movwf	211,c	;volatile
   928   000080                     i2l132:
   929                           
   930                           ; BSR set to: 14
   931   000080  920A               	bcf	int$flags,1,c	;clear compiler interrupt flag (level 2)
   932   000082  0011               	retfie		f
   933   000084                     __end_of_HighISR:
   934                           	callstack 0
   935   000000                     
   936                           	psect	rparam
   937   000000                     
   938                           	psect	temp
   939   00000A                     btemp:
   940                           	callstack 0
   941   00000A                     	ds	1
   942   000000                     int$flags	set	btemp
   943   000000                     wtemp8	set	btemp+1
   944   000000                     ttemp5	set	btemp+1
   945   000000                     ttemp6	set	btemp+4
   946   000000                     ttemp7	set	btemp+8
   947                           
   948                           	psect	idloc
   949                           
   950                           ;Config register IDLOC0 @ 0x200000
   951                           ;	unspecified, using default values
   952   200000                     	org	2097152
   953   200000  0FFF               	dw	4095
   954                           
   955                           ;Config register IDLOC1 @ 0x200002
   956                           ;	unspecified, using default values
   957   200002                     	org	2097154
   958   200002  0FFF               	dw	4095
   959                           
   960                           ;Config register IDLOC2 @ 0x200004
   961                           ;	unspecified, using default values
   962   200004                     	org	2097156
   963   200004  0FFF               	dw	4095
   964                           
   965                           ;Config register IDLOC3 @ 0x200006
   966                           ;	unspecified, using default values
   967   200006                     	org	2097158
   968   200006  0FFF               	dw	4095
   969                           
   970                           ;Config register IDLOC4 @ 0x200008
   971                           ;	unspecified, using default values
   972   200008                     	org	2097160
   973   200008  0FFF               	dw	4095
   974                           
   975                           ;Config register IDLOC5 @ 0x20000A
   976                           ;	unspecified, using default values
   977   20000A                     	org	2097162
   978   20000A  0FFF               	dw	4095
   979                           
   980                           ;Config register IDLOC6 @ 0x20000C
   981                           ;	unspecified, using default values
   982   20000C                     	org	2097164
   983   20000C  0FFF               	dw	4095
   984                           
   985                           ;Config register IDLOC7 @ 0x20000E
   986                           ;	unspecified, using default values
   987   20000E                     	org	2097166
   988   20000E  0FFF               	dw	4095
   989                           
   990                           	psect	config
   991                           
   992                           ;Config register CONFIG1L @ 0x300000
   993                           ;	External Oscillator mode Selection bits
   994                           ;	FEXTOSC = HS, HS (crystal oscillator) above 8 MHz; PFM set to high power
   995                           ;	Power-up default value for COSC bits
   996                           ;	RSTOSC = EXTOSC_4PLL, EXTOSC with 4x PLL, with EXTOSC operating per FEXTOSC bits
   997   300000                     	org	3145728
   998   300000  AA                 	db	170
   999                           
  1000                           ;Config register CONFIG1H @ 0x300001
  1001                           ;	unspecified, using default values
  1002                           ;	Clock Out Enable bit
  1003                           ;	CLKOUTEN = 0x1, unprogrammed default
  1004                           ;	Clock Switch Enable bit
  1005                           ;	CSWEN = 0x1, unprogrammed default
  1006                           ;	Fail-Safe Clock Monitor Enable bit
  1007                           ;	FCMEN = 0x1, unprogrammed default
  1008   300001                     	org	3145729
  1009   300001  FF                 	db	255
  1010                           
  1011                           ;Config register CONFIG2L @ 0x300002
  1012                           ;	unspecified, using default values
  1013                           ;	Master Clear Enable bit
  1014                           ;	MCLRE = 0x1, unprogrammed default
  1015                           ;	Power-up Timer Enable bit
  1016                           ;	PWRTE = 0x1, unprogrammed default
  1017                           ;	Low-power BOR enable bit
  1018                           ;	LPBOREN = 0x1, unprogrammed default
  1019                           ;	Brown-out Reset Enable bits
  1020                           ;	BOREN = 0x3, unprogrammed default
  1021   300002                     	org	3145730
  1022   300002  FF                 	db	255
  1023                           
  1024                           ;Config register CONFIG2H @ 0x300003
  1025                           ;	unspecified, using default values
  1026                           ;	Brown Out Reset Voltage selection bits
  1027                           ;	BORV = 0x3, unprogrammed default
  1028                           ;	ZCD Disable bit
  1029                           ;	ZCD = 0x1, unprogrammed default
  1030                           ;	PPSLOCK bit One-Way Set Enable bit
  1031                           ;	PPS1WAY = 0x1, unprogrammed default
  1032                           ;	Stack Full/Underflow Reset Enable bit
  1033                           ;	STVREN = 0x1, unprogrammed default
  1034                           ;	Debugger Enable bit
  1035                           ;	DEBUG = 0x1, unprogrammed default
  1036                           ;	Extended Instruction Set Enable bit
  1037                           ;	XINST = 0x1, unprogrammed default
  1038   300003                     	org	3145731
  1039   300003  FF                 	db	255
  1040                           
  1041                           ;Config register CONFIG3L @ 0x300004
  1042                           ;	WDT Period Select bits
  1043                           ;	WDTCPS = 0x1F, unprogrammed default
  1044                           ;	WDT operating mode
  1045                           ;	WDTE = OFF, WDT Disabled
  1046   300004                     	org	3145732
  1047   300004  9F                 	db	159
  1048                           
  1049                           ;Config register CONFIG3H @ 0x300005
  1050                           ;	unspecified, using default values
  1051                           ;	WDT Window Select bits
  1052                           ;	WDTCWS = 0x7, unprogrammed default
  1053                           ;	WDT input clock selector
  1054                           ;	WDTCCS = 0x7, unprogrammed default
  1055   300005                     	org	3145733
  1056   300005  FF                 	db	255
  1057                           
  1058                           ;Config register CONFIG4L @ 0x300006
  1059                           ;	unspecified, using default values
  1060                           ;	Write Protection Block 0
  1061                           ;	WRT0 = 0x1, unprogrammed default
  1062                           ;	Write Protection Block 1
  1063                           ;	WRT1 = 0x1, unprogrammed default
  1064                           ;	Write Protection Block 2
  1065                           ;	WRT2 = 0x1, unprogrammed default
  1066                           ;	Write Protection Block 3
  1067                           ;	WRT3 = 0x1, unprogrammed default
  1068                           ;	Write Protection Block 3
  1069                           ;	WRT4 = 0x1, unprogrammed default
  1070                           ;	Write Protection Block 3
  1071                           ;	WRT5 = 0x1, unprogrammed default
  1072                           ;	Write Protection Block 3
  1073                           ;	WRT6 = 0x1, unprogrammed default
  1074                           ;	Write Protection Block 3
  1075                           ;	WRT7 = 0x1, unprogrammed default
  1076   300006                     	org	3145734
  1077   300006  FF                 	db	255
  1078                           
  1079                           ;Config register CONFIG4H @ 0x300007
  1080                           ;	unspecified, using default values
  1081                           ;	Configuration Register Write Protection bit
  1082                           ;	WRTC = 0x1, unprogrammed default
  1083                           ;	Boot Block Write Protection bit
  1084                           ;	WRTB = 0x1, unprogrammed default
  1085                           ;	Data EEPROM Write Protection bit
  1086                           ;	WRTD = 0x1, unprogrammed default
  1087                           ;	Scanner Enable bit
  1088                           ;	SCANE = 0x1, unprogrammed default
  1089                           ;	Low Voltage Programming Enable bit
  1090                           ;	LVP = 0x1, unprogrammed default
  1091   300007                     	org	3145735
  1092   300007  FF                 	db	255
  1093                           
  1094                           ;Config register CONFIG5L @ 0x300008
  1095                           ;	unspecified, using default values
  1096                           ;	UserNVM Program Memory Code Protection bit
  1097                           ;	CP = 0x1, unprogrammed default
  1098                           ;	DataNVM Memory Code Protection bit
  1099                           ;	CPD = 0x1, unprogrammed default
  1100   300008                     	org	3145736
  1101   300008  FF                 	db	255
  1102                           
  1103                           ;Config register CONFIG5H @ 0x300009
  1104                           ;	unspecified, using default values
  1105   300009                     	org	3145737
  1106   300009  FF                 	db	255
  1107                           
  1108                           ;Config register CONFIG6L @ 0x30000A
  1109                           ;	unspecified, using default values
  1110                           ;	Table Read Protection Block 0
  1111                           ;	EBTR0 = 0x1, unprogrammed default
  1112                           ;	Table Read Protection Block 1
  1113                           ;	EBTR1 = 0x1, unprogrammed default
  1114                           ;	Table Read Protection Block 2
  1115                           ;	EBTR2 = 0x1, unprogrammed default
  1116                           ;	Table Read Protection Block 3
  1117                           ;	EBTR3 = 0x1, unprogrammed default
  1118                           ;	Table Read Protection Block 4
  1119                           ;	EBTR4 = 0x1, unprogrammed default
  1120                           ;	Table Read Protection Block 5
  1121                           ;	EBTR5 = 0x1, unprogrammed default
  1122                           ;	Table Read Protection Block 6
  1123                           ;	EBTR6 = 0x1, unprogrammed default
  1124                           ;	Table Read Protection Block 7
  1125                           ;	EBTR7 = 0x1, unprogrammed default
  1126   30000A                     	org	3145738
  1127   30000A  FF                 	db	255
  1128                           
  1129                           ;Config register CONFIG6H @ 0x30000B
  1130                           ;	unspecified, using default values
  1131                           ;	Boot Block Table Read Protection bit
  1132                           ;	EBTRB = 0x1, unprogrammed default
  1133   30000B                     	org	3145739
  1134   30000B  FF                 	db	255
  1135                           tosu	equ	0xFFF
  1136                           tosh	equ	0xFFE
  1137                           tosl	equ	0xFFD
  1138                           stkptr	equ	0xFFC
  1139                           pclatu	equ	0xFFB
  1140                           pclath	equ	0xFFA
  1141                           pcl	equ	0xFF9
  1142                           tblptru	equ	0xFF8
  1143                           tblptrh	equ	0xFF7
  1144                           tblptrl	equ	0xFF6
  1145                           tablat	equ	0xFF5
  1146                           prodh	equ	0xFF4
  1147                           prodl	equ	0xFF3
  1148                           indf0	equ	0xFEF
  1149                           postinc0	equ	0xFEE
  1150                           postdec0	equ	0xFED
  1151                           preinc0	equ	0xFEC
  1152                           plusw0	equ	0xFEB
  1153                           fsr0h	equ	0xFEA
  1154                           fsr0l	equ	0xFE9
  1155                           wreg	equ	0xFE8
  1156                           indf1	equ	0xFE7
  1157                           postinc1	equ	0xFE6
  1158                           postdec1	equ	0xFE5
  1159                           preinc1	equ	0xFE4
  1160                           plusw1	equ	0xFE3
  1161                           fsr1h	equ	0xFE2
  1162                           fsr1l	equ	0xFE1
  1163                           bsr	equ	0xFE0
  1164                           indf2	equ	0xFDF
  1165                           postinc2	equ	0xFDE
  1166                           postdec2	equ	0xFDD
  1167                           preinc2	equ	0xFDC
  1168                           plusw2	equ	0xFDB
  1169                           fsr2h	equ	0xFDA
  1170                           fsr2l	equ	0xFD9
  1171                           status	equ	0xFD8

Data Sizes:
    Strings     0
    Constant    0
    Data        0
    BSS         0
    Persistent  0
    Stack       0

Auto Spaces:
    Space          Size  Autos    Used
    COMRAM           94      9       9
    BANK0           160      0       0
    BANK1           256      0       0
    BANK2           256      0       0
    BANK3           256      0       0
    BANK4           256      0       0
    BANK5           256      0       0
    BANK6           256      0       0
    BANK7           256      0       0
    BANK8           256      0       0
    BANK9           256      0       0
    BANK10          256      0       0
    BANK11          256      0       0
    BANK12          256      0       0
    BANK13          234      0       0

Pointer List with Targets:

    None.

Critical Paths under _main in COMRAM

    _main->_LEDarray_disp_bin
    _LEDarray_disp_bin->_get16bitTMR0val

Critical Paths under _HighISR in COMRAM

    None.

Critical Paths under _main in BANK0

    None.

Critical Paths under _HighISR in BANK0

    None.

Critical Paths under _main in BANK1

    None.

Critical Paths under _HighISR in BANK1

    None.

Critical Paths under _main in BANK2

    None.

Critical Paths under _HighISR in BANK2

    None.

Critical Paths under _main in BANK3

    None.

Critical Paths under _HighISR in BANK3

    None.

Critical Paths under _main in BANK4

    None.

Critical Paths under _HighISR in BANK4

    None.

Critical Paths under _main in BANK5

    None.

Critical Paths under _HighISR in BANK5

    None.

Critical Paths under _main in BANK6

    None.

Critical Paths under _HighISR in BANK6

    None.

Critical Paths under _main in BANK7

    None.

Critical Paths under _HighISR in BANK7

    None.

Critical Paths under _main in BANK8

    None.

Critical Paths under _HighISR in BANK8

    None.

Critical Paths under _main in BANK9

    None.

Critical Paths under _HighISR in BANK9

    None.

Critical Paths under _main in BANK10

    None.

Critical Paths under _HighISR in BANK10

    None.

Critical Paths under _main in BANK11

    None.

Critical Paths under _HighISR in BANK11

    None.

Critical Paths under _main in BANK12

    None.

Critical Paths under _HighISR in BANK12

    None.

Critical Paths under _main in BANK13

    None.

Critical Paths under _HighISR in BANK13

    None.

Call Graph Tables:

 ---------------------------------------------------------------------------------
 (Depth) Function   	        Calls       Base Space   Used Autos Params    Refs
 ---------------------------------------------------------------------------------
 (0) _main                                                 0     0      0     472
                         _Comp1_init
                    _Interrupts_init
                  _LEDarray_disp_bin
                      _LEDarray_init
                        _Timer0_init
                    _get16bitTMR0val
 ---------------------------------------------------------------------------------
 (1) _get16bitTMR0val                                      6     4      2      46
                                              1 COMRAM     6     4      2
 ---------------------------------------------------------------------------------
 (1) _Timer0_init                                          0     0      0       0
 ---------------------------------------------------------------------------------
 (1) _LEDarray_init                                        0     0      0       0
 ---------------------------------------------------------------------------------
 (1) _LEDarray_disp_bin                                    2     0      2     426
                                              7 COMRAM     2     0      2
                    _get16bitTMR0val (ARG)
 ---------------------------------------------------------------------------------
 (1) _Interrupts_init                                      0     0      0       0
 ---------------------------------------------------------------------------------
 (1) _Comp1_init                                           0     0      0       0
                           _DAC_init
 ---------------------------------------------------------------------------------
 (2) _DAC_init                                             0     0      0       0
 ---------------------------------------------------------------------------------
 Estimated maximum stack depth 2
 ---------------------------------------------------------------------------------
 (Depth) Function   	        Calls       Base Space   Used Autos Params    Refs
 ---------------------------------------------------------------------------------
 (3) _HighISR                                              1     1      0       0
                                              0 COMRAM     1     1      0
 ---------------------------------------------------------------------------------
 Estimated maximum stack depth 3
 ---------------------------------------------------------------------------------

 Call Graph Graphs:

 _main (ROOT)
   _Comp1_init
     _DAC_init
   _Interrupts_init
   _LEDarray_disp_bin
     _get16bitTMR0val (ARG)
   _LEDarray_init
   _Timer0_init
   _get16bitTMR0val

 _HighISR (ROOT)

 Address spaces:
Name               Size   Autos  Total    Cost      Usage
BITCOMRAM           5E      0       0       0        0.0%
EEDATA             400      0       0       0        0.0%
NULL                 0      0       0       0        0.0%
CODE                 0      0       0       0        0.0%
COMRAM              5E      9       9       1        9.6%
STACK                0      0       0       2        0.0%
DATA                 0      0       0       3        0.0%
BITBANK0            A0      0       0       4        0.0%
BANK0               A0      0       0       5        0.0%
BITBANK1           100      0       0       6        0.0%
BANK1              100      0       0       7        0.0%
BITBANK2           100      0       0       8        0.0%
BANK2              100      0       0       9        0.0%
BITBANK3           100      0       0      10        0.0%
BANK3              100      0       0      11        0.0%
BITBANK4           100      0       0      12        0.0%
BANK4              100      0       0      13        0.0%
BITBANK5           100      0       0      14        0.0%
BANK5              100      0       0      15        0.0%
BITBANK6           100      0       0      16        0.0%
BANK6              100      0       0      17        0.0%
BITBANK7           100      0       0      18        0.0%
BANK7              100      0       0      19        0.0%
BITBANK8           100      0       0      20        0.0%
BANK8              100      0       0      21        0.0%
BITBANK9           100      0       0      22        0.0%
BANK9              100      0       0      23        0.0%
BITBANK10          100      0       0      24        0.0%
BANK10             100      0       0      25        0.0%
BITBANK11          100      0       0      26        0.0%
BANK11             100      0       0      27        0.0%
BITBANK12          100      0       0      28        0.0%
BANK12             100      0       0      29        0.0%
BITBANK13           EA      0       0      30        0.0%
BANK13              EA      0       0      31        0.0%
BITBIGSFRhhh         D      0       0      32        0.0%
BITBIGSFRhhlhh      1B      0       0      33        0.0%
BITBIGSFRhhll       43      0       0      34        0.0%
BITBIGSFRhlh         3      0       0      35        0.0%
BITBIGSFRlh          3      0       0      36        0.0%
BITBIGSFRlllh        3      0       0      37        0.0%
BITBIGSFRllllhh     A5      0       0      38        0.0%
BITBIGSFRllllhl      8      0       0      39        0.0%
BITBIGSFRlllllh     90      0       0      40        0.0%
BITBIGSFRlllllh      1      0       0      41        0.0%
BITBIGSFRlllllh      7      0       0      42        0.0%
BITBIGSFRllllll      1      0       0      43        0.0%
BITBIGSFRllllll      7      0       0      44        0.0%
BITBIGSFRllllll     32      0       0      45        0.0%
ABS                  0      0       0      46        0.0%
BIGRAM             DE9      0       0      47        0.0%
BIGSFR               0      0       0     200        0.0%
BITSFR_3             0      0       0     200        0.0%
SFR_3                0      0       0     200        0.0%
BITSFR_2             0      0       0     200        0.0%
SFR_2                0      0       0     200        0.0%
BITSFR_1             0      0       0     200        0.0%
SFR_1                0      0       0     200        0.0%
BITSFR               0      0       0     200        0.0%
SFR                  0      0       0     200        0.0%


Microchip Technology PIC18 Macro Assembler V2.40 build 20220703182018 
Symbol Table                                                                                   Fri Nov 04 15:33:44 2022

                       l30 009C                         l31 009E                         l40 010A  
                       l32 00B2                         l41 010C                         l33 00B4  
                       l42 0120                         l34 00C8                         l43 0122  
                       l35 00CA                         l27 0186                         l44 0136  
                       l36 00DE                         l45 0138                         l37 00E0  
                       l46 014C                         l38 00F4                         l39 00F6  
                       l48 014E          ??_Interrupts_init 0002                        l101 0224  
                      l104 01D6                        l125 0234                        l143 01F6  
                      l146 0210                        l822 0212                        l824 0218  
                      l826 0222                        l850 01B4                        l860 01CE  
                      l852 01B6                        l940 0088                        l828 0150  
                      l862 01D2                        l854 01C8                        l950 00EE  
                      l942 0096                        l870 01EA                        l856 01CA  
                      l864 0226                        l952 0104                        l944 00AC  
                      l872 01F4                        l960 01F8                        l858 01CC  
                      l954 011A                        l946 00C2                        l866 01D8  
                      l962 01FE                        l956 0130                        l948 00D8  
                      l868 01E0                        l964 0204                        l958 0146  
                      u210 0096                        u211 0092                        u220 00AC  
                      u221 00A8                        u230 00C2                        u231 00BE  
                      u240 00D8                        u241 00D4                        u250 00EE  
                      u251 00EA                        u260 0104                        u261 0100  
                      u270 011A                        u271 0116                        u280 0130  
                      u281 012C                        u290 0146                        u291 0142  
                     l1000 0188                       l1002 018E                       l1004 0192  
                     l1006 0196                       l1008 019E                       _main 0188  
                     btemp 000A                       start 0084           __end_of_DAC_init 0226  
          __end_of_HighISR 0084               ___param_bank 000000                 _Comp1_init 01B4  
                    ?_main 0001                      i2l132 0080                      i2l930 0042  
                    i2l932 0050                      i2l924 000A                      i2l934 0074  
                    i2l926 001A                      i2l936 0078                      i2l928 003E  
                    i2l938 007C                      _TMR0H 000FD4                      _TMR0L 000FD3  
                    ttemp5 000B                      ttemp6 000E                      ttemp7 0012  
                    wtemp8 000B            __initialization 0236               __end_of_main 01B4  
          _get16bitTMR0val 01F8                     ??_main 000A              __activetblptr 000000  
                ??_HighISR 0001          _LEDarray_disp_bin 0088         ?_LEDarray_disp_bin 0008  
            ??_Timer0_init 0002                ?_Comp1_init 0001   get16bitTMR0val@high_bits 0006  
      ??_LEDarray_disp_bin 000A                     isa$std 000001                  ?_DAC_init 0001  
__end_of_LEDarray_disp_bin 0150                 __accesstop 0060    __end_of__initialization 0236  
            ___rparam_used 000001              _LEDarray_init 0150            _Interrupts_init 0226  
           __pcstackCOMRAM 0001    __end_of_get16bitTMR0val 0212        __end_of_Timer0_init 01F8  
               ??_DAC_init 0002             ?_LEDarray_init 0001                    i2u20_48 0064  
                  i2u15_40 001A                    i2u15_41 0016                    i2u16_40 002C  
                  i2u16_41 0024                    i2u18_40 0050                    i2u17_48 002E  
                  i2u18_41 004C                    i2u19_40 0062                    i2u19_41 005A  
  __end_of_Interrupts_init 0236                    _HighISR 0008                    __Hparam 0000  
                  __Lparam 0000                _Timer0_init 01D8           ?_get16bitTMR0val 0002  
                  __pcinit 0236                    __ramtop 0E00                    __ptext0 0188  
                  __ptext1 01F8                    __ptext2 01D8                    __ptext3 0150  
                  __ptext4 0088                    __ptext5 0226                    __ptext6 01B4  
                  __ptext7 0212       end_of_initialization 0236            ??_LEDarray_init 0002  
             ??_Comp1_init 0002                  _PORTAbits 000F89                  _PORTBbits 000F8A  
                _PORTFbits 000F8E                  _PORTGbits 000F8F                  _TRISAbits 000F81  
                _TRISBbits 000F82                  _TRISFbits 000F86                  _TRISGbits 000F87  
                _TRISHbits 000F88         __end_of_Comp1_init 01D8                _CM1CON0bits 000ED0  
              _CM1CON1bits 000ED1           ?_Interrupts_init 0001        start_initialization 0236  
  get16bitTMR0val@low_bits 0004                   ?_HighISR 0001               ?_Timer0_init 0001  
                __pintcode 0008                   _DAC_init 0212                   _LATAbits 000F79  
                 _LATBbits 000F7A                   _LATFbits 000F7E                   _LATGbits 000F7F  
                 _LATHbits 000F80                   _PIE0bits 000E29                   _IPR2bits 000E21  
                 _PIE2bits 000E2B                   _PIR0bits 000E33                   _PIR2bits 000E35  
               _CM1NCHbits 000ED2                 _CM1PCHbits 000ED3      __end_of_LEDarray_init 0188  
                 __Hrparam 0000                   __Lrparam 0000                 _T0CON0bits 000FD5  
               _T0CON1bits 000FD6    LEDarray_disp_bin@number 0008                   isa$xinst 000000  
                 int$flags 000A                 _INTCONbits 000FF2          ??_get16bitTMR0val 0004  
                 intlevel2 0000               _DAC1CON0bits 000EC6               _DAC1CON1bits 000EC7  
